<?xml version="1.0" encoding="UTF-8"?>
<!-- Generated by org.testng.reporters.JUnitXMLReporter -->
<testsuite ignored="0" hostname="LAPTOP-DR7M9M5N" failures="0" tests="1" name="TestChrome" time="0.052" errors="0" timestamp="2022-07-06T13:05:32 IST">
  <testcase classname="kiteTest.ValidateKiteUserIdUsingProperty" name="@BeforeClass launchBrowser" time="0.039">
    <failure type="java.lang.IllegalStateException" message="The path to the driver executable The path to the driver executable must be set by the webdriver.chrome.driver system property; for more information, see https://github.com/SeleniumHQ/selenium/wiki/ChromeDriver. The latest version can be downloaded from https://chromedriver.storage.googleapis.com/index.html">
      <![CDATA[java.lang.IllegalStateException: The path to the driver executable The path to the driver executable must be set by the webdriver.chrome.driver system property; for more information, see https://github.com/SeleniumHQ/selenium/wiki/ChromeDriver. The latest version can be downloaded from https://chromedriver.storage.googleapis.com/index.html
at org.openqa.selenium.internal.Require$StateChecker.nonNull(Require.java:311)
at org.openqa.selenium.remote.service.DriverService.findExecutable(DriverService.java:135)
at org.openqa.selenium.chrome.ChromeDriverService.access$000(ChromeDriverService.java:38)
at org.openqa.selenium.chrome.ChromeDriverService$Builder.findDefaultExecutable(ChromeDriverService.java:231)
at org.openqa.selenium.remote.service.DriverService$Builder.build(DriverService.java:437)
at org.openqa.selenium.chrome.ChromeDriverService.createServiceWithConfig(ChromeDriverService.java:141)
at org.openqa.selenium.chrome.ChromeDriver.<init>(ChromeDriver.java:82)
at kitebase.BaseNew.openBrowser(BaseNew.java:30)
at kiteTest.ValidateKiteUserIdUsingProperty.launchBrowser(ValidateKiteUserIdUsingProperty.java:42)
at java.base/java.util.ArrayList.forEach(ArrayList.java:1541)
... Removed 25 stack frames]]>
    </failure>
  </testcase> <!-- @BeforeClass launchBrowser -->
  <testcase classname="kiteTest.ValidateKiteUserIdUsingProperty" name="@BeforeMethod loginToKiteApp" time="-1.657092932657E9">
    <skipped/>
  </testcase> <!-- @BeforeMethod loginToKiteApp -->
  <testcase classname="kiteTest.ValidateKiteUserIdUsingProperty" name="@AfterMethod logOutFromKite" time="-1.657092932663E9">
    <skipped/>
  </testcase> <!-- @AfterMethod logOutFromKite -->
  <testcase classname="kiteTest.ValidateKiteUserIdUsingProperty" name="@AfterClass closedBrowser" time="-1.657092932664E9">
    <skipped/>
  </testcase> <!-- @AfterClass closedBrowser -->
  <testcase classname="kiteTest.ValidateKiteUserIdUsingProperty" name="validateUserId" time="0.0">
    <skipped/>
  </testcase> <!-- validateUserId -->
</testsuite> <!-- TestChrome -->
