<!DOCTYPE html PUBLIC "-//W3C//DTD XHTML 1.1//EN" "https://www.w3.org/TR/xhtml11/DTD/xhtml11.dtd">
<html xmlns="https://www.w3.org/1999/xhtml">
<head>
<meta http-equiv="content-type" content="text/html; charset=UTF-8"/>
<title>TestNG Report</title>
<style type="text/css">table {margin-bottom:10px;border-collapse:collapse;empty-cells:show}th,td {border:1px solid #009;padding:.25em .5em}th {vertical-align:bottom}td {vertical-align:top}table a {font-weight:bold}.stripe td {background-color: #E6EBF9}.num {text-align:right}.passedodd td {background-color: #3F3}.passedeven td {background-color: #0A0}.skippedodd td {background-color: #DDD}.skippedeven td {background-color: #CCC}.failedodd td,.attn {background-color: #F33}.failedeven td,.stripe .attn {background-color: #D00}.stacktrace {white-space:pre;font-family:monospace}.totop {font-size:85%;text-align:center;border-bottom:2px solid #000}.invisible {display:none}</style>
</head>
<body>
<table>
<tr><th>Test</th><th># Passed</th><th># Skipped</th><th># Retried</th><th># Failed</th><th>Time (ms)</th><th>Included Groups</th><th>Excluded Groups</th></tr>
<tr><th colspan="8">Suite</th></tr>
<tr><td><a href="#t0">Testfirefox</a></td><td class="num">0</td><td class="num attn">1</td><td class="num">0</td><td class="num">0</td><td class="num">81</td><td></td><td></td></tr>
<tr class="stripe"><td><a href="#t1">TestChrome</a></td><td class="num">0</td><td class="num attn">1</td><td class="num">0</td><td class="num">0</td><td class="num">52</td><td></td><td></td></tr>
<tr><th>Total</th><th class="num">0</th><th class="num attn">2</th><th class="num">0</th><th class="num">0</th><th class="num">133</th><th colspan="2"></th></tr>
</table>
<table id='summary'><thead><tr><th>Class</th><th>Method</th><th>Start</th><th>Time (ms)</th></tr></thead><tbody><tr><th colspan="4">Suite</th></tr></tbody><tbody id="t0"><tr><th colspan="4">Testfirefox &#8212; failed (configuration methods)</th></tr><tr class="failedeven"><td rowspan="1">kiteTest.ValidateKiteUserIdUsingProperty</td><td><a href="#m0">loginToKiteApp</a></td><td rowspan="1">1657092932540</td><td rowspan="1">2</td></tr><tr><th colspan="4">Testfirefox &#8212; skipped (configuration methods)</th></tr><tr class="skippedeven"><td rowspan="2">kiteTest.ValidateKiteUserIdUsingProperty</td><td><a href="#m1">closedBrowser</a></td><td rowspan="1">1657092932558</td><td rowspan="1">-1657092932558</td></tr><tr class="skippedeven"><td><a href="#m2">logOutFromKite</a></td><td rowspan="1">1657092932555</td><td rowspan="1">-1657092932555</td></tr><tr><th colspan="4">Testfirefox &#8212; skipped</th></tr><tr class="skippedeven"><td rowspan="1">kiteTest.ValidateKiteUserIdUsingProperty</td><td><a href="#m3">validateUserId</a></td><td rowspan="1">1657092932549</td><td rowspan="1">0</td></tr></tbody>
<tbody id="t1"><tr><th colspan="4">TestChrome &#8212; failed (configuration methods)</th></tr><tr class="failedeven"><td rowspan="1">kiteTest.ValidateKiteUserIdUsingProperty</td><td><a href="#m4">launchBrowser</a></td><td rowspan="1">1657092932615</td><td rowspan="1">39</td></tr><tr><th colspan="4">TestChrome &#8212; skipped (configuration methods)</th></tr><tr class="skippedeven"><td rowspan="3">kiteTest.ValidateKiteUserIdUsingProperty</td><td><a href="#m5">closedBrowser</a></td><td rowspan="1">1657092932664</td><td rowspan="1">-1657092932664</td></tr><tr class="skippedeven"><td><a href="#m6">logOutFromKite</a></td><td rowspan="1">1657092932663</td><td rowspan="1">-1657092932663</td></tr><tr class="skippedeven"><td><a href="#m7">loginToKiteApp</a></td><td rowspan="1">1657092932657</td><td rowspan="1">-1657092932657</td></tr><tr><th colspan="4">TestChrome &#8212; skipped</th></tr><tr class="skippedeven"><td rowspan="1">kiteTest.ValidateKiteUserIdUsingProperty</td><td><a href="#m8">validateUserId</a></td><td rowspan="1">1657092932659</td><td rowspan="1">0</td></tr></tbody>
</table>
<h2>Testfirefox</h2><h3 id="m0">kiteTest.ValidateKiteUserIdUsingProperty#loginToKiteApp</h3><table class="result"><tr><th>Exception</th></tr><tr><td><div class="stacktrace">java.lang.NullPointerException
	at org.openqa.selenium.support.pagefactory.DefaultElementLocator.findElement(DefaultElementLocator.java:70)
	at org.openqa.selenium.support.pagefactory.internal.LocatingElementHandler.invoke(LocatingElementHandler.java:39)
	at com.sun.proxy.$Proxy17.sendKeys(Unknown Source)
	at kitePOMUsingTestNg.KiteLogInPage.SendUserName(KiteLogInPage.java:29)
	at kiteTest.ValidateKiteUserIdUsingProperty.loginToKiteApp(ValidateKiteUserIdUsingProperty.java:55)
	at java.base/java.util.ArrayList.forEach(ArrayList.java:1541)
... Removed 31 stack frames</div></td></tr></table><p class="totop"><a href="#summary">back to summary</a></p>
<h3 id="m1">kiteTest.ValidateKiteUserIdUsingProperty#closedBrowser</h3><table class="result"><tr><th class="invisible"/></tr></table><p class="totop"><a href="#summary">back to summary</a></p>
<h3 id="m2">kiteTest.ValidateKiteUserIdUsingProperty#logOutFromKite</h3><table class="result"><tr><th class="invisible"/></tr></table><p class="totop"><a href="#summary">back to summary</a></p>
<h3 id="m3">kiteTest.ValidateKiteUserIdUsingProperty#validateUserId</h3><table class="result"><tr><th>Exception</th></tr><tr><td><div class="stacktrace">java.lang.NullPointerException
	at org.openqa.selenium.support.pagefactory.DefaultElementLocator.findElement(DefaultElementLocator.java:70)
	at org.openqa.selenium.support.pagefactory.internal.LocatingElementHandler.invoke(LocatingElementHandler.java:39)
	at com.sun.proxy.$Proxy17.sendKeys(Unknown Source)
	at kitePOMUsingTestNg.KiteLogInPage.SendUserName(KiteLogInPage.java:29)
	at kiteTest.ValidateKiteUserIdUsingProperty.loginToKiteApp(ValidateKiteUserIdUsingProperty.java:55)
	at java.base/java.util.ArrayList.forEach(ArrayList.java:1541)
... Removed 31 stack frames</div></td></tr></table><p class="totop"><a href="#summary">back to summary</a></p>
<h2>TestChrome</h2><h3 id="m4">kiteTest.ValidateKiteUserIdUsingProperty#launchBrowser</h3><table class="result"><tr class="param"><th>Parameter #1</th></tr><tr class="param stripe"><td>chrome</td></tr><tr><th>Exception</th></tr><tr><td><div class="stacktrace">java.lang.IllegalStateException: The path to the driver executable The path to the driver executable must be set by the webdriver.chrome.driver system property; for more information, see https://github.com/SeleniumHQ/selenium/wiki/ChromeDriver. The latest version can be downloaded from https://chromedriver.storage.googleapis.com/index.html
	at org.openqa.selenium.internal.Require$StateChecker.nonNull(Require.java:311)
	at org.openqa.selenium.remote.service.DriverService.findExecutable(DriverService.java:135)
	at org.openqa.selenium.chrome.ChromeDriverService.access$000(ChromeDriverService.java:38)
	at org.openqa.selenium.chrome.ChromeDriverService$Builder.findDefaultExecutable(ChromeDriverService.java:231)
	at org.openqa.selenium.remote.service.DriverService$Builder.build(DriverService.java:437)
	at org.openqa.selenium.chrome.ChromeDriverService.createServiceWithConfig(ChromeDriverService.java:141)
	at org.openqa.selenium.chrome.ChromeDriver.&lt;init&gt;(ChromeDriver.java:82)
	at kitebase.BaseNew.openBrowser(BaseNew.java:30)
	at kiteTest.ValidateKiteUserIdUsingProperty.launchBrowser(ValidateKiteUserIdUsingProperty.java:42)
	at java.base/java.util.ArrayList.forEach(ArrayList.java:1541)
... Removed 25 stack frames</div></td></tr></table><p class="totop"><a href="#summary">back to summary</a></p>
<h3 id="m5">kiteTest.ValidateKiteUserIdUsingProperty#closedBrowser</h3><table class="result"><tr><th class="invisible"/></tr></table><p class="totop"><a href="#summary">back to summary</a></p>
<h3 id="m6">kiteTest.ValidateKiteUserIdUsingProperty#logOutFromKite</h3><table class="result"><tr><th class="invisible"/></tr></table><p class="totop"><a href="#summary">back to summary</a></p>
<h3 id="m7">kiteTest.ValidateKiteUserIdUsingProperty#loginToKiteApp</h3><table class="result"><tr><th class="invisible"/></tr></table><p class="totop"><a href="#summary">back to summary</a></p>
<h3 id="m8">kiteTest.ValidateKiteUserIdUsingProperty#validateUserId</h3><table class="result"><tr><th>Exception</th></tr><tr><td><div class="stacktrace">java.lang.IllegalStateException: The path to the driver executable The path to the driver executable must be set by the webdriver.chrome.driver system property; for more information, see https://github.com/SeleniumHQ/selenium/wiki/ChromeDriver. The latest version can be downloaded from https://chromedriver.storage.googleapis.com/index.html
	at org.openqa.selenium.internal.Require$StateChecker.nonNull(Require.java:311)
	at org.openqa.selenium.remote.service.DriverService.findExecutable(DriverService.java:135)
	at org.openqa.selenium.chrome.ChromeDriverService.access$000(ChromeDriverService.java:38)
	at org.openqa.selenium.chrome.ChromeDriverService$Builder.findDefaultExecutable(ChromeDriverService.java:231)
	at org.openqa.selenium.remote.service.DriverService$Builder.build(DriverService.java:437)
	at org.openqa.selenium.chrome.ChromeDriverService.createServiceWithConfig(ChromeDriverService.java:141)
	at org.openqa.selenium.chrome.ChromeDriver.&lt;init&gt;(ChromeDriver.java:82)
	at kitebase.BaseNew.openBrowser(BaseNew.java:30)
	at kiteTest.ValidateKiteUserIdUsingProperty.launchBrowser(ValidateKiteUserIdUsingProperty.java:42)
	at java.base/java.util.ArrayList.forEach(ArrayList.java:1541)
... Removed 25 stack frames</div></td></tr></table><p class="totop"><a href="#summary">back to summary</a></p>
</body>
</html>
